{
 "cells": [
  {
   "cell_type": "code",
   "execution_count": null,
   "metadata": {},
   "outputs": [],
   "source": [
    "!pip install --user pykafka"
   ]
  },
  {
   "cell_type": "code",
   "execution_count": null,
   "metadata": {},
   "outputs": [],
   "source": [
    "from pykafka import KafkaClient\n",
    "client = KafkaClient(hosts=\"188.185.79.229:9092\")\n",
    "topic = client.topics['email_alert']"
   ]
  },
  {
   "cell_type": "code",
   "execution_count": null,
   "metadata": {},
   "outputs": [],
   "source": [
    "consumer = topic.get_simple_consumer()\n",
    "for message in consumer:\n",
    "    print(message.value)"
   ]
  },
  {
   "cell_type": "code",
   "execution_count": null,
   "metadata": {},
   "outputs": [],
   "source": [
    "!wget http://central.maven.org/maven2/org/apache/spark/spark-streaming-kafka-0-8-assembly_2.11/2.3.1/spark-streaming-kafka-0-8-assembly_2.11-2.3.1.jar"
   ]
  },
  {
   "cell_type": "code",
   "execution_count": 2,
   "metadata": {},
   "outputs": [],
   "source": [
    "from pyspark.streaming.kafka import KafkaUtils\n",
    "from pyspark import SparkContext\n",
    "from pyspark.streaming import StreamingContext\n",
    "from pyspark.streaming.kafka import TopicAndPartition\n",
    "import json"
   ]
  },
  {
   "cell_type": "code",
   "execution_count": 29,
   "metadata": {},
   "outputs": [],
   "source": [
    "sc =SparkContext.getOrCreate()\n"
   ]
  },
  {
   "cell_type": "code",
   "execution_count": null,
   "metadata": {},
   "outputs": [],
   "source": []
  },
  {
   "cell_type": "code",
   "execution_count": 23,
   "metadata": {},
   "outputs": [],
   "source": [
    "ssc = StreamingContext(sc, 5) #change frequency of getting data\n",
    "ssc.checkpoint(\"_checkpoint\")"
   ]
  },
  {
   "cell_type": "code",
   "execution_count": 24,
   "metadata": {},
   "outputs": [],
   "source": [
    "kafkaStream =KafkaUtils.createDirectStream(ssc, [\"email_alert\"],\n",
    "                                           {\n",
    "                                               \"metadata.broker.list\":\"188.185.79.229:9092\",\n",
    "                                               \"auto.offset.reset\":\"smallest\"\n",
    "                                           }\n",
    "                                          )"
   ]
  },
  {
   "cell_type": "code",
   "execution_count": 25,
   "metadata": {},
   "outputs": [],
   "source": [
    "parsed = kafkaStream.map(lambda v: json.loads(v[1]))"
   ]
  },
  {
   "cell_type": "code",
   "execution_count": 26,
   "metadata": {
    "scrolled": false
   },
   "outputs": [
    {
     "name": "stdout",
     "output_type": "stream",
     "text": [
      "-------------------------------------------\n",
      "Time: 2019-06-06 16:58:30\n",
      "-------------------------------------------\n",
      "['Cron <root@vocms041> cd /opt/CMSDataPopularity/xrootd; python2.6 lib/checkMViews.py', 32, True]\n",
      "['PopDB cronJob of cron_2019-04-05_04-30-06.log', 1, False]\n",
      "['WARNING: too many xrootd-cms-eos-popularity messages stored on the dashb brokers', 7, False]\n",
      "['OK: xrootd-cms-eos-popularity messages stored on the dashb brokers', 5, False]\n",
      "['PopDB cronJob of cron_2019-04-10_04-30-04.log', 1, False]\n",
      "['The collector xrootd_2 in vocms043.cern.ch was not running', 4, False]\n",
      "['Notification: Stop simplevisor at vocms043.cern.ch: 70%>=70%\\r\\n inodes', 12, True]\n",
      "['Notification: Stop two insertion agents at vocms042.cern.ch', 2, False]\n",
      "['PopDB cronJob of cron_2019-04-16_04-30-05.log', 1, False]\n",
      "['PopDB cronJob of cron_2019-04-23_04-30-03.log', 1, False]\n",
      "...\n",
      "\n"
     ]
    },
    {
     "data": {
      "text/plain": [
       "False"
      ]
     },
     "execution_count": 26,
     "metadata": {},
     "output_type": "execute_result"
    },
    {
     "name": "stdout",
     "output_type": "stream",
     "text": [
      "-------------------------------------------\n",
      "Time: 2019-06-06 16:58:35\n",
      "-------------------------------------------\n",
      "\n"
     ]
    }
   ],
   "source": [
    "emails_dstream = parsed.map(lambda email: [email['subject'],1])\\\n",
    "                        .reduceByKeyAndWindow(lambda x,y: x+y, 10, 5)\n",
    "# emails_dstream.pprint()\n",
    "# benchmark=emails_dstream.map(lambda x:[x[0],x[1],x[1]>30])\n",
    "benchmark=emails_dstream.map(lambda x: sendingAlert(x[0],x[1]))\n",
    "benchmark.pprint()\n",
    "ssc.start()\n",
    "ssc.awaitTerminationOrTimeout(10)\n"
   ]
  },
  {
   "cell_type": "code",
   "execution_count": 27,
   "metadata": {},
   "outputs": [
    {
     "name": "stdout",
     "output_type": "stream",
     "text": [
      "-------------------------------------------\n",
      "Time: 2019-06-06 16:58:40\n",
      "-------------------------------------------\n",
      "\n"
     ]
    }
   ],
   "source": [
    "ssc.stop()"
   ]
  },
  {
   "cell_type": "code",
   "execution_count": 30,
   "metadata": {},
   "outputs": [
    {
     "ename": "IllegalArgumentException",
     "evalue": "\"Error while instantiating 'org.apache.spark.sql.internal.SessionStateBuilder':\"",
     "output_type": "error",
     "traceback": [
      "\u001b[0;31m---------------------------------------------------------------------------\u001b[0m",
      "\u001b[0;31mPy4JJavaError\u001b[0m                             Traceback (most recent call last)",
      "\u001b[0;32m/cvmfs/sft.cern.ch/lcg/views/LCG_95apython3/x86_64-centos7-gcc7-opt/lib/python3.6/site-packages/pyspark/sql/utils.py\u001b[0m in \u001b[0;36mdeco\u001b[0;34m(*a, **kw)\u001b[0m\n\u001b[1;32m     62\u001b[0m         \u001b[0;32mtry\u001b[0m\u001b[0;34m:\u001b[0m\u001b[0;34m\u001b[0m\u001b[0m\n\u001b[0;32m---> 63\u001b[0;31m             \u001b[0;32mreturn\u001b[0m \u001b[0mf\u001b[0m\u001b[0;34m(\u001b[0m\u001b[0;34m*\u001b[0m\u001b[0ma\u001b[0m\u001b[0;34m,\u001b[0m \u001b[0;34m**\u001b[0m\u001b[0mkw\u001b[0m\u001b[0;34m)\u001b[0m\u001b[0;34m\u001b[0m\u001b[0m\n\u001b[0m\u001b[1;32m     64\u001b[0m         \u001b[0;32mexcept\u001b[0m \u001b[0mpy4j\u001b[0m\u001b[0;34m.\u001b[0m\u001b[0mprotocol\u001b[0m\u001b[0;34m.\u001b[0m\u001b[0mPy4JJavaError\u001b[0m \u001b[0;32mas\u001b[0m \u001b[0me\u001b[0m\u001b[0;34m:\u001b[0m\u001b[0;34m\u001b[0m\u001b[0m\n",
      "\u001b[0;32m/cvmfs/sft.cern.ch/lcg/views/LCG_95apython3/x86_64-centos7-gcc7-opt/lib/python3.6/site-packages/py4j/protocol.py\u001b[0m in \u001b[0;36mget_return_value\u001b[0;34m(answer, gateway_client, target_id, name)\u001b[0m\n\u001b[1;32m    327\u001b[0m                     \u001b[0;34m\"An error occurred while calling {0}{1}{2}.\\n\"\u001b[0m\u001b[0;34m.\u001b[0m\u001b[0;34m\u001b[0m\u001b[0m\n\u001b[0;32m--> 328\u001b[0;31m                     format(target_id, \".\", name), value)\n\u001b[0m\u001b[1;32m    329\u001b[0m             \u001b[0;32melse\u001b[0m\u001b[0;34m:\u001b[0m\u001b[0;34m\u001b[0m\u001b[0m\n",
      "\u001b[0;31mPy4JJavaError\u001b[0m: An error occurred while calling o68.udf.\n: java.lang.IllegalArgumentException: Error while instantiating 'org.apache.spark.sql.internal.SessionStateBuilder':\n\tat org.apache.spark.sql.SparkSession$.org$apache$spark$sql$SparkSession$$instantiateSessionState(SparkSession.scala:1107)\n\tat org.apache.spark.sql.SparkSession$$anonfun$sessionState$2.apply(SparkSession.scala:145)\n\tat org.apache.spark.sql.SparkSession$$anonfun$sessionState$2.apply(SparkSession.scala:144)\n\tat scala.Option.getOrElse(Option.scala:121)\n\tat org.apache.spark.sql.SparkSession.sessionState$lzycompute(SparkSession.scala:144)\n\tat org.apache.spark.sql.SparkSession.sessionState(SparkSession.scala:141)\n\tat org.apache.spark.sql.SparkSession.udf(SparkSession.scala:215)\n\tat sun.reflect.NativeMethodAccessorImpl.invoke0(Native Method)\n\tat sun.reflect.NativeMethodAccessorImpl.invoke(NativeMethodAccessorImpl.java:62)\n\tat sun.reflect.DelegatingMethodAccessorImpl.invoke(DelegatingMethodAccessorImpl.java:43)\n\tat java.lang.reflect.Method.invoke(Method.java:498)\n\tat py4j.reflection.MethodInvoker.invoke(MethodInvoker.java:244)\n\tat py4j.reflection.ReflectionEngine.invoke(ReflectionEngine.java:357)\n\tat py4j.Gateway.invoke(Gateway.java:282)\n\tat py4j.commands.AbstractCommand.invokeMethod(AbstractCommand.java:132)\n\tat py4j.commands.CallCommand.execute(CallCommand.java:79)\n\tat py4j.GatewayConnection.run(GatewayConnection.java:238)\n\tat java.lang.Thread.run(Thread.java:745)\nCaused by: java.lang.IllegalStateException: LiveListenerBus is stopped.\n\tat org.apache.spark.scheduler.LiveListenerBus.addToQueue(LiveListenerBus.scala:97)\n\tat org.apache.spark.scheduler.LiveListenerBus.addToStatusQueue(LiveListenerBus.scala:80)\n\tat org.apache.spark.sql.internal.SharedState.<init>(SharedState.scala:93)\n\tat org.apache.spark.sql.SparkSession$$anonfun$sharedState$1.apply(SparkSession.scala:121)\n\tat org.apache.spark.sql.SparkSession$$anonfun$sharedState$1.apply(SparkSession.scala:121)\n\tat scala.Option.getOrElse(Option.scala:121)\n\tat org.apache.spark.sql.SparkSession.sharedState$lzycompute(SparkSession.scala:121)\n\tat org.apache.spark.sql.SparkSession.sharedState(SparkSession.scala:120)\n\tat org.apache.spark.sql.internal.BaseSessionStateBuilder.build(BaseSessionStateBuilder.scala:286)\n\tat org.apache.spark.sql.SparkSession$.org$apache$spark$sql$SparkSession$$instantiateSessionState(SparkSession.scala:1104)\n\t... 17 more\n",
      "\nDuring handling of the above exception, another exception occurred:\n",
      "\u001b[0;31mIllegalArgumentException\u001b[0m                  Traceback (most recent call last)",
      "\u001b[0;32m<ipython-input-30-0c52c6517339>\u001b[0m in \u001b[0;36m<module>\u001b[0;34m\u001b[0m\n\u001b[1;32m      1\u001b[0m \u001b[0;32mdef\u001b[0m \u001b[0msendingAlert\u001b[0m\u001b[0;34m(\u001b[0m\u001b[0msubject\u001b[0m\u001b[0;34m,\u001b[0m\u001b[0mcount\u001b[0m\u001b[0;34m)\u001b[0m\u001b[0;34m:\u001b[0m\u001b[0;34m\u001b[0m\u001b[0m\n\u001b[1;32m      2\u001b[0m     \u001b[0;32mreturn\u001b[0m \u001b[0;34m[\u001b[0m\u001b[0msubject\u001b[0m\u001b[0;34m,\u001b[0m\u001b[0mcount\u001b[0m\u001b[0;34m,\u001b[0m\u001b[0mcount\u001b[0m\u001b[0;34m>\u001b[0m\u001b[0;36m10\u001b[0m\u001b[0;34m]\u001b[0m\u001b[0;34m\u001b[0m\u001b[0m\n\u001b[0;32m----> 3\u001b[0;31m \u001b[0mspark\u001b[0m\u001b[0;34m.\u001b[0m\u001b[0mudf\u001b[0m\u001b[0;34m.\u001b[0m\u001b[0mregister\u001b[0m\u001b[0;34m(\u001b[0m\u001b[0;34m\"sendingAlert\"\u001b[0m\u001b[0;34m,\u001b[0m \u001b[0msendingAlert\u001b[0m\u001b[0;34m)\u001b[0m\u001b[0;34m\u001b[0m\u001b[0m\n\u001b[0m",
      "\u001b[0;32m/cvmfs/sft.cern.ch/lcg/views/LCG_95apython3/x86_64-centos7-gcc7-opt/lib/python3.6/site-packages/pyspark/sql/udf.py\u001b[0m in \u001b[0;36mregister\u001b[0;34m(self, name, f, returnType)\u001b[0m\n\u001b[1;32m    335\u001b[0m                                                evalType=PythonEvalType.SQL_BATCHED_UDF)\n\u001b[1;32m    336\u001b[0m             \u001b[0mreturn_udf\u001b[0m \u001b[0;34m=\u001b[0m \u001b[0mregister_udf\u001b[0m\u001b[0;34m.\u001b[0m\u001b[0m_wrapped\u001b[0m\u001b[0;34m(\u001b[0m\u001b[0;34m)\u001b[0m\u001b[0;34m\u001b[0m\u001b[0m\n\u001b[0;32m--> 337\u001b[0;31m         \u001b[0mself\u001b[0m\u001b[0;34m.\u001b[0m\u001b[0msparkSession\u001b[0m\u001b[0;34m.\u001b[0m\u001b[0m_jsparkSession\u001b[0m\u001b[0;34m.\u001b[0m\u001b[0mudf\u001b[0m\u001b[0;34m(\u001b[0m\u001b[0;34m)\u001b[0m\u001b[0;34m.\u001b[0m\u001b[0mregisterPython\u001b[0m\u001b[0;34m(\u001b[0m\u001b[0mname\u001b[0m\u001b[0;34m,\u001b[0m \u001b[0mregister_udf\u001b[0m\u001b[0;34m.\u001b[0m\u001b[0m_judf\u001b[0m\u001b[0;34m)\u001b[0m\u001b[0;34m\u001b[0m\u001b[0m\n\u001b[0m\u001b[1;32m    338\u001b[0m         \u001b[0;32mreturn\u001b[0m \u001b[0mreturn_udf\u001b[0m\u001b[0;34m\u001b[0m\u001b[0m\n\u001b[1;32m    339\u001b[0m \u001b[0;34m\u001b[0m\u001b[0m\n",
      "\u001b[0;32m/cvmfs/sft.cern.ch/lcg/views/LCG_95apython3/x86_64-centos7-gcc7-opt/lib/python3.6/site-packages/py4j/java_gateway.py\u001b[0m in \u001b[0;36m__call__\u001b[0;34m(self, *args)\u001b[0m\n\u001b[1;32m   1255\u001b[0m         \u001b[0manswer\u001b[0m \u001b[0;34m=\u001b[0m \u001b[0mself\u001b[0m\u001b[0;34m.\u001b[0m\u001b[0mgateway_client\u001b[0m\u001b[0;34m.\u001b[0m\u001b[0msend_command\u001b[0m\u001b[0;34m(\u001b[0m\u001b[0mcommand\u001b[0m\u001b[0;34m)\u001b[0m\u001b[0;34m\u001b[0m\u001b[0m\n\u001b[1;32m   1256\u001b[0m         return_value = get_return_value(\n\u001b[0;32m-> 1257\u001b[0;31m             answer, self.gateway_client, self.target_id, self.name)\n\u001b[0m\u001b[1;32m   1258\u001b[0m \u001b[0;34m\u001b[0m\u001b[0m\n\u001b[1;32m   1259\u001b[0m         \u001b[0;32mfor\u001b[0m \u001b[0mtemp_arg\u001b[0m \u001b[0;32min\u001b[0m \u001b[0mtemp_args\u001b[0m\u001b[0;34m:\u001b[0m\u001b[0;34m\u001b[0m\u001b[0m\n",
      "\u001b[0;32m/cvmfs/sft.cern.ch/lcg/views/LCG_95apython3/x86_64-centos7-gcc7-opt/lib/python3.6/site-packages/pyspark/sql/utils.py\u001b[0m in \u001b[0;36mdeco\u001b[0;34m(*a, **kw)\u001b[0m\n\u001b[1;32m     77\u001b[0m                 \u001b[0;32mraise\u001b[0m \u001b[0mQueryExecutionException\u001b[0m\u001b[0;34m(\u001b[0m\u001b[0ms\u001b[0m\u001b[0;34m.\u001b[0m\u001b[0msplit\u001b[0m\u001b[0;34m(\u001b[0m\u001b[0;34m': '\u001b[0m\u001b[0;34m,\u001b[0m \u001b[0;36m1\u001b[0m\u001b[0;34m)\u001b[0m\u001b[0;34m[\u001b[0m\u001b[0;36m1\u001b[0m\u001b[0;34m]\u001b[0m\u001b[0;34m,\u001b[0m \u001b[0mstackTrace\u001b[0m\u001b[0;34m)\u001b[0m\u001b[0;34m\u001b[0m\u001b[0m\n\u001b[1;32m     78\u001b[0m             \u001b[0;32mif\u001b[0m \u001b[0ms\u001b[0m\u001b[0;34m.\u001b[0m\u001b[0mstartswith\u001b[0m\u001b[0;34m(\u001b[0m\u001b[0;34m'java.lang.IllegalArgumentException: '\u001b[0m\u001b[0;34m)\u001b[0m\u001b[0;34m:\u001b[0m\u001b[0;34m\u001b[0m\u001b[0m\n\u001b[0;32m---> 79\u001b[0;31m                 \u001b[0;32mraise\u001b[0m \u001b[0mIllegalArgumentException\u001b[0m\u001b[0;34m(\u001b[0m\u001b[0ms\u001b[0m\u001b[0;34m.\u001b[0m\u001b[0msplit\u001b[0m\u001b[0;34m(\u001b[0m\u001b[0;34m': '\u001b[0m\u001b[0;34m,\u001b[0m \u001b[0;36m1\u001b[0m\u001b[0;34m)\u001b[0m\u001b[0;34m[\u001b[0m\u001b[0;36m1\u001b[0m\u001b[0;34m]\u001b[0m\u001b[0;34m,\u001b[0m \u001b[0mstackTrace\u001b[0m\u001b[0;34m)\u001b[0m\u001b[0;34m\u001b[0m\u001b[0m\n\u001b[0m\u001b[1;32m     80\u001b[0m             \u001b[0;32mraise\u001b[0m\u001b[0;34m\u001b[0m\u001b[0m\n\u001b[1;32m     81\u001b[0m     \u001b[0;32mreturn\u001b[0m \u001b[0mdeco\u001b[0m\u001b[0;34m\u001b[0m\u001b[0m\n",
      "\u001b[0;31mIllegalArgumentException\u001b[0m: \"Error while instantiating 'org.apache.spark.sql.internal.SessionStateBuilder':\""
     ]
    }
   ],
   "source": [
    "def sendingAlert(subject,count):\n",
    "    return [subject,count,count>10]\n",
    "spark.udf.register(\"sendingAlert\", sendingAlert)"
   ]
  },
  {
   "cell_type": "code",
   "execution_count": null,
   "metadata": {},
   "outputs": [],
   "source": [
    "parsed.map().reduceByKeyAndWindow(,, windowDuration=)"
   ]
  },
  {
   "cell_type": "code",
   "execution_count": null,
   "metadata": {},
   "outputs": [],
   "source": [
    "# subject_counts_sorted_dstream = subject_counts.transform(\\\n",
    "#   (lambda foo:foo\\\n",
    "#    .sortBy(lambda x:( -x[1]))))\n",
    "# top_five_subjects = subject_counts_sorted_dstream.transform\\\n",
    "#   (lambda rdd:sc.parallelize(rdd.take(5)))\n",
    "# top_five_subjects.pprint()"
   ]
  },
  {
   "cell_type": "code",
   "execution_count": null,
   "metadata": {},
   "outputs": [],
   "source": []
  },
  {
   "cell_type": "code",
   "execution_count": null,
   "metadata": {},
   "outputs": [],
   "source": [
    "ssc.stop()"
   ]
  },
  {
   "cell_type": "code",
   "execution_count": null,
   "metadata": {},
   "outputs": [],
   "source": [
    "!wget http://central.maven.org/maven2/org/apache/spark/spark-streaming-kafka-0-8_2.11/2.0.0-preview/spark-streaming-kafka-0-8_2.11-2.0.0-preview.jar"
   ]
  },
  {
   "cell_type": "code",
   "execution_count": null,
   "metadata": {},
   "outputs": [],
   "source": [
    "!pwd"
   ]
  },
  {
   "cell_type": "code",
   "execution_count": null,
   "metadata": {},
   "outputs": [],
   "source": []
  }
 ],
 "metadata": {
  "kernelspec": {
   "display_name": "Python 3",
   "language": "python",
   "name": "python3"
  },
  "language_info": {
   "codemirror_mode": {
    "name": "ipython",
    "version": 3
   },
   "file_extension": ".py",
   "mimetype": "text/x-python",
   "name": "python",
   "nbconvert_exporter": "python",
   "pygments_lexer": "ipython3",
   "version": "3.6.5"
  },
  "sparkconnect": {
   "bundled_options": [],
   "list_of_options": [
    {
     "name": "spark.jars",
     "value": "/eos/home-y/ysunthor/SWAN_projects/test"
    },
    {
     "name": "spark.jars.packages",
     "value": "org.apache.spark:spark-streaming-kafka-0-8-assembly_2.11:2.3.1"
    }
   ]
  }
 },
 "nbformat": 4,
 "nbformat_minor": 2
}
